<?xml version="1.0" encoding="UTF-8"?>
<!-- Generated by org.testng.reporters.JUnitReportReporter -->
<testsuite hostname="0c4de9c3b324.ant.amazon.com" name="com.websystique.springmvc.dao.UserDaoImplTest" tests="3" failures="0" timestamp="4 Sep 2016 16:32:36 GMT" time="0.630" errors="0">
  <testcase name="findAllUsers" time="0.379" classname="com.websystique.springmvc.dao.UserDaoImplTest"/>
  <testcase name="findById" time="0.035" classname="com.websystique.springmvc.dao.UserDaoImplTest"/>
  <testcase name="saveEmployee" time="0.216" classname="com.websystique.springmvc.dao.UserDaoImplTest"/>
</testsuite> <!-- com.websystique.springmvc.dao.UserDaoImplTest -->
